2018-03-05 02:13:51,688 [INFO] from application in play-dev-mode-akka.actor.default-dispatcher-3 - Creating Pool for datasource 'default'
2018-03-05 02:13:52,003 [INFO] from play.api.db.DefaultDBApi in play-dev-mode-akka.actor.default-dispatcher-3 - Database [default] connected at jdbc:mysql://localhost/hackathon
2018-03-05 02:13:52,895 [INFO] from play.api.http.EnabledFilters in play-dev-mode-akka.actor.default-dispatcher-3 - Enabled Filters (see <https://www.playframework.com/documentation/latest/Filters>):

    play.filters.csrf.CSRFFilter
    play.filters.headers.SecurityHeadersFilter
    play.filters.hosts.AllowedHostsFilter

2018-03-05 02:13:52,994 [INFO] from play.api.Play in play-dev-mode-akka.actor.default-dispatcher-3 - Application started (Dev)
2018-03-05 02:16:02,185 [INFO] from application in application-akka.actor.default-dispatcher-2 - Shutting down connection pool.
2018-03-05 02:16:02,373 [INFO] from application in play-dev-mode-akka.actor.default-dispatcher-3 - Creating Pool for datasource 'default'
2018-03-05 02:16:02,385 [INFO] from play.api.db.DefaultDBApi in play-dev-mode-akka.actor.default-dispatcher-3 - Database [default] connected at jdbc:mysql://localhost/hackathon
2018-03-05 02:16:02,511 [INFO] from play.api.http.EnabledFilters in play-dev-mode-akka.actor.default-dispatcher-3 - Enabled Filters (see <https://www.playframework.com/documentation/latest/Filters>):

    play.filters.csrf.CSRFFilter
    play.filters.headers.SecurityHeadersFilter
    play.filters.hosts.AllowedHostsFilter

2018-03-05 02:16:02,523 [INFO] from play.api.Play in play-dev-mode-akka.actor.default-dispatcher-3 - Application started (Dev)
2018-03-05 03:01:47,901 [INFO] from application in application-akka.actor.default-dispatcher-9 - Shutting down connection pool.
2018-03-05 03:01:48,148 [INFO] from application in play-dev-mode-akka.actor.default-dispatcher-20 - Creating Pool for datasource 'default'
2018-03-05 03:01:48,164 [INFO] from play.api.db.DefaultDBApi in play-dev-mode-akka.actor.default-dispatcher-20 - Database [default] connected at jdbc:mysql://localhost/hackathon
2018-03-05 03:01:48,324 [INFO] from play.api.http.EnabledFilters in play-dev-mode-akka.actor.default-dispatcher-20 - Enabled Filters (see <https://www.playframework.com/documentation/latest/Filters>):

    play.filters.csrf.CSRFFilter
    play.filters.headers.SecurityHeadersFilter
    play.filters.hosts.AllowedHostsFilter

2018-03-05 03:01:48,343 [INFO] from play.api.Play in play-dev-mode-akka.actor.default-dispatcher-20 - Application started (Dev)
2018-03-05 03:59:17,108 [INFO] from application in application-akka.actor.default-dispatcher-54 - Shutting down connection pool.
2018-03-05 03:59:17,322 [INFO] from application in play-dev-mode-akka.actor.default-dispatcher-175 - Creating Pool for datasource 'default'
2018-03-05 03:59:17,343 [INFO] from play.api.db.DefaultDBApi in play-dev-mode-akka.actor.default-dispatcher-175 - Database [default] connected at jdbc:mysql://localhost/hackathon
2018-03-05 03:59:17,464 [INFO] from play.api.http.EnabledFilters in play-dev-mode-akka.actor.default-dispatcher-175 - Enabled Filters (see <https://www.playframework.com/documentation/latest/Filters>):

    play.filters.csrf.CSRFFilter
    play.filters.headers.SecurityHeadersFilter
    play.filters.hosts.AllowedHostsFilter

2018-03-05 03:59:17,470 [INFO] from play.api.Play in play-dev-mode-akka.actor.default-dispatcher-175 - Application started (Dev)
